TN:
SF:src/movements/application/get-recent-movements/get-recent-movements.use-case.ts
FN:12,GetRecentMovementsUseCase
FN:17,execute
FNF:2
FNH:2
FNDA:7,GetRecentMovementsUseCase
FNDA:7,execute
DA:1,1
DA:8,1
DA:9,1
DA:11,1
DA:12,1
DA:13,7
DA:14,7
DA:15,7
DA:17,1
DA:18,7
DA:19,7
DA:20,7
DA:21,7
DA:22,7
DA:23,7
DA:24,7
DA:26,7
DA:27,7
DA:28,7
DA:32,7
DA:33,7
DA:34,7
DA:35,7
DA:36,7
DA:37,7
DA:39,5
DA:40,9
DA:41,9
DA:42,9
DA:43,9
DA:44,9
DA:45,9
DA:46,9
DA:47,9
DA:48,5
DA:50,5
DA:51,5
DA:53,7
DA:55,7
DA:56,7
DA:57,1
LF:41
LH:41
BRDA:12,0,0,7
BRDA:17,1,0,7
BRDA:23,2,0,1
BRDA:23,3,0,6
BRDA:24,4,0,1
BRDA:24,5,0,5
BRDA:26,6,0,3
BRDA:27,7,0,1
BRDA:27,8,0,4
BRDA:28,9,0,1
BRDA:28,10,0,4
BRDA:37,11,0,5
BRDA:53,12,0,1
BRDA:53,13,0,4
BRDA:39,14,0,9
BRDA:50,15,0,4
BRF:16
BRH:16
end_of_record
TN:
SF:src/movements/application/get-user-movements/get-user-movements.use-case.ts
FN:11,GetUserMovementsUseCase
FN:13,execute
FNF:2
FNH:2
FNDA:13,GetUserMovementsUseCase
FNDA:13,execute
DA:5,1
DA:6,1
DA:10,1
DA:11,1
DA:13,1
DA:14,13
DA:15,13
DA:16,13
DA:17,13
DA:18,13
DA:19,13
DA:20,13
DA:22,13
DA:23,13
DA:25,13
DA:26,13
DA:27,11
DA:28,11
DA:29,11
DA:30,11
DA:31,11
DA:32,11
DA:33,11
DA:34,11
DA:35,11
DA:36,2
DA:37,13
DA:38,11
DA:39,11
DA:40,11
DA:41,11
DA:42,11
DA:43,11
DA:44,11
DA:45,11
DA:46,11
DA:47,11
DA:48,2
DA:49,13
DA:51,13
DA:52,13
DA:53,9
DA:54,9
DA:55,9
DA:56,9
DA:57,9
DA:58,9
DA:59,9
DA:60,9
DA:61,13
DA:62,13
DA:63,12
DA:64,12
DA:65,12
DA:66,12
DA:67,12
DA:68,12
DA:69,12
DA:70,12
DA:71,13
DA:72,13
DA:74,13
DA:75,13
DA:77,13
DA:79,13
DA:80,13
DA:81,1
LF:67
LH:67
BRDA:11,0,0,13
BRDA:13,1,0,13
BRDA:17,2,0,10
BRDA:18,3,0,1
BRDA:18,4,0,12
BRDA:19,5,0,1
BRDA:19,6,0,12
BRDA:22,7,0,4
BRDA:22,8,0,3
BRDA:23,9,0,4
BRDA:23,10,0,3
BRDA:26,11,0,11
BRDA:31,12,0,2
BRDA:31,13,0,9
BRDA:35,14,0,2
BRDA:37,15,0,11
BRDA:42,16,0,2
BRDA:42,17,0,9
BRDA:47,18,0,2
BRDA:77,19,0,1
BRDA:77,20,0,12
BRDA:52,21,0,9
BRDA:62,22,0,12
BRDA:74,23,0,9
BRF:24
BRH:24
end_of_record
TN:
SF:src/orders/application/place-order/place-order.use-case.ts
FN:14,PlaceOrderUseCase
FN:19,execute
FNF:2
FNH:2
FNDA:11,PlaceOrderUseCase
FNDA:14,execute
DA:1,1
DA:13,1
DA:14,1
DA:15,11
DA:16,11
DA:17,11
DA:19,1
DA:20,14
DA:21,14
DA:22,14
DA:24,12
DA:25,12
DA:27,14
DA:28,14
DA:30,10
DA:32,14
DA:33,4
DA:34,4
DA:35,2
DA:36,2
DA:37,2
DA:38,2
DA:39,4
DA:41,8
DA:43,8
DA:44,8
DA:45,8
DA:46,8
DA:47,8
DA:50,8
DA:51,8
DA:52,8
DA:53,8
DA:54,8
DA:55,8
DA:56,8
DA:57,8
DA:58,8
DA:59,8
DA:60,8
DA:63,8
DA:64,8
DA:65,8
DA:67,8
DA:68,2
DA:69,1
DA:70,1
DA:71,1
DA:72,1
DA:74,1
DA:75,1
DA:76,1
DA:77,1
DA:78,1
DA:79,1
DA:80,1
DA:81,1
DA:82,1
DA:83,1
DA:84,1
DA:85,1
DA:86,1
DA:87,1
DA:88,1
DA:89,1
DA:90,1
DA:91,8
DA:93,6
DA:95,4
DA:96,6
DA:97,2
DA:98,2
DA:99,2
DA:100,2
DA:102,2
DA:104,6
DA:106,1
DA:107,1
DA:108,1
DA:109,1
DA:110,1
DA:111,1
DA:112,1
DA:113,1
DA:114,1
DA:115,6
DA:117,4
DA:118,8
DA:120,4
DA:121,4
DA:122,4
DA:123,4
DA:124,4
DA:125,4
DA:126,4
DA:127,14
DA:128,1
LF:97
LH:97
BRDA:14,0,0,11
BRDA:19,1,0,14
BRDA:21,2,0,1
BRDA:21,3,0,13
BRDA:22,4,0,1
BRDA:22,5,0,12
BRDA:27,6,0,1
BRDA:27,7,0,11
BRDA:28,8,0,1
BRDA:28,9,0,10
BRDA:32,10,0,4
BRDA:34,11,0,2
BRDA:39,12,0,8
BRDA:118,13,0,4
BRDA:41,14,0,8
BRDA:67,15,0,2
BRDA:68,16,0,1
BRDA:91,17,0,6
BRDA:93,18,0,2
BRDA:93,19,0,4
BRDA:96,20,0,2
BRDA:104,21,0,1
BRDA:115,22,0,4
BRF:23
BRH:23
end_of_record
TN:
SF:src/portfolios/application/create-portfolio/create-portfolio.use-case.ts
FN:6,CreatePortfolioUseCase
FN:8,execute
FNF:2
FNH:2
FNDA:4,CreatePortfolioUseCase
FNDA:4,execute
DA:5,1
DA:6,1
DA:8,1
DA:9,4
DA:10,4
DA:11,1
LF:6
LH:6
BRDA:6,0,0,4
BRDA:8,1,0,4
BRF:2
BRH:2
end_of_record
TN:
SF:src/portfolios/application/get-portfolio-total/get-portfolio-total.use-case.ts
FN:33,GetPortfolioTotalUseCase
FN:39,execute
FNF:2
FNH:2
FNDA:8,GetPortfolioTotalUseCase
FNDA:8,execute
DA:1,1
DA:32,1
DA:33,1
DA:34,8
DA:35,8
DA:36,8
DA:37,8
DA:39,1
DA:40,8
DA:41,8
DA:42,8
DA:44,6
DA:45,6
DA:48,6
DA:49,6
DA:50,6
DA:52,6
DA:53,6
DA:55,6
DA:56,5
DA:57,5
DA:58,5
DA:60,5
DA:61,5
DA:62,5
DA:64,5
DA:65,5
DA:66,5
DA:68,5
DA:69,5
DA:71,5
DA:72,5
DA:73,5
DA:74,5
DA:75,5
DA:76,5
DA:77,5
DA:78,5
DA:79,5
DA:80,5
DA:81,5
DA:82,6
DA:85,6
DA:86,8
DA:87,8
DA:89,8
DA:90,8
DA:91,8
DA:92,8
DA:93,8
DA:94,8
DA:95,8
DA:96,8
DA:97,8
DA:98,8
DA:99,8
DA:100,1
LF:57
LH:57
BRDA:33,0,0,8
BRDA:39,1,0,8
BRDA:41,2,0,1
BRDA:41,3,0,7
BRDA:42,4,0,1
BRDA:42,5,0,6
BRDA:86,6,0,3
BRDA:86,7,0,3
BRDA:87,8,0,3
BRDA:87,9,0,3
BRDA:45,10,0,6
BRDA:49,11,0,5
BRDA:55,12,0,5
BRDA:62,13,0,4
BRDA:62,14,0,1
BRDA:66,15,0,1
BRDA:66,16,0,4
BRF:17
BRH:17
end_of_record
TN:
SF:src/portfolios/application/update-portfolio/update-portfolio.use-case.ts
FN:8,UpdatePortfolioUseCase
FN:10,execute
FNF:2
FNH:2
FNDA:3,UpdatePortfolioUseCase
FNDA:3,execute
DA:1,1
DA:7,1
DA:8,1
DA:10,1
DA:11,3
DA:12,3
DA:13,3
DA:15,1
DA:16,3
DA:17,1
LF:10
LH:10
BRDA:8,0,0,3
BRDA:10,1,0,3
BRDA:12,2,0,1
BRDA:12,3,0,2
BRDA:13,4,0,1
BRF:5
BRH:5
end_of_record
TN:
SF:src/transactions/application/register-transaction/register-transaction.use-case.ts
FN:11,RegisterTransactionUseCase
FN:16,execute
FNF:2
FNH:2
FNDA:8,RegisterTransactionUseCase
FNDA:8,execute
DA:1,1
DA:10,1
DA:11,1
DA:12,8
DA:13,8
DA:14,8
DA:16,1
DA:17,8
DA:18,8
DA:19,1
DA:20,1
DA:22,8
DA:23,3
DA:24,3
DA:25,2
DA:26,2
DA:27,2
DA:28,2
DA:29,3
DA:31,5
DA:32,5
DA:33,5
DA:34,5
DA:35,5
DA:36,5
DA:37,5
DA:38,8
DA:39,1
LF:28
LH:28
BRDA:11,0,0,8
BRDA:16,1,0,8
BRDA:18,2,0,1
BRDA:20,3,0,7
BRDA:22,4,0,3
BRDA:24,5,0,2
BRDA:29,6,0,5
BRF:7
BRH:7
end_of_record
TN:
SF:src/users/application/get-user-balance/get-user-balance.use-case.ts
FN:6,GetUserBalanceUseCase
FN:8,execute
FNF:2
FNH:2
FNDA:4,GetUserBalanceUseCase
FNDA:4,execute
DA:1,1
DA:5,1
DA:6,1
DA:8,1
DA:9,4
DA:10,4
DA:11,4
DA:12,1
LF:8
LH:8
BRDA:6,0,0,4
BRDA:8,1,0,4
BRF:2
BRH:2
end_of_record
TN:
SF:src/users/application/update-user-info/update-user-info.use-case.ts
FN:7,UpdateUserInfoUseCase
FN:9,execute
FNF:2
FNH:2
FNDA:3,UpdateUserInfoUseCase
FNDA:3,execute
DA:1,1
DA:6,1
DA:7,1
DA:9,1
DA:10,3
DA:11,3
DA:13,2
DA:14,3
DA:15,1
LF:9
LH:9
BRDA:7,0,0,3
BRDA:9,1,0,3
BRDA:11,2,0,1
BRDA:11,3,0,2
BRF:4
BRH:4
end_of_record
TN:
SF:src/watchlist/application/add-watchlist-item/add-watchlist-item.use-case.ts
FN:6,AddWatchlistItemUseCase
FN:8,execute
FNF:2
FNH:2
FNDA:3,AddWatchlistItemUseCase
FNDA:3,execute
DA:1,1
DA:5,1
DA:6,1
DA:8,1
DA:9,3
DA:10,3
DA:12,2
DA:13,2
DA:14,2
DA:15,2
DA:16,2
DA:17,2
DA:18,3
DA:19,1
LF:14
LH:14
BRDA:6,0,0,3
BRDA:8,1,0,3
BRDA:10,2,0,1
BRDA:10,3,0,2
BRF:4
BRH:4
end_of_record
TN:
SF:src/watchlist/application/get-watchlist/get-watchlist.use-case.ts
FN:16,GetWatchlistUseCase
FN:21,execute
FNF:2
FNH:2
FNDA:7,GetWatchlistUseCase
FNDA:7,execute
DA:1,1
DA:15,1
DA:16,1
DA:17,7
DA:18,7
DA:19,7
DA:21,1
DA:22,7
DA:24,7
DA:25,7
DA:26,7
DA:28,7
DA:29,7
DA:30,7
DA:31,7
DA:33,7
DA:34,7
DA:35,4
DA:36,4
DA:37,4
DA:39,7
DA:40,7
DA:41,7
DA:42,7
DA:43,7
DA:44,7
DA:45,7
DA:46,7
DA:47,7
DA:49,7
DA:50,7
DA:51,1
LF:32
LH:32
BRDA:16,0,0,7
BRDA:21,1,0,7
BRDA:25,2,0,7
BRDA:28,3,0,7
BRDA:31,4,0,5
BRDA:31,5,0,2
BRDA:34,6,0,5
BRDA:34,7,0,4
BRDA:44,8,0,5
BRDA:44,9,0,2
BRF:10
BRH:10
end_of_record
TN:
SF:src/watchlist/application/remove-watchlist-item/remove-watchlist-item.use-case.ts
FN:5,RemoveWatchlistItemUseCase
FN:7,execute
FNF:2
FNH:2
FNDA:2,RemoveWatchlistItemUseCase
FNDA:2,execute
DA:1,1
DA:4,1
DA:5,1
DA:7,1
DA:8,2
DA:9,2
DA:11,1
DA:12,2
DA:13,1
LF:9
LH:9
BRDA:5,0,0,2
BRDA:7,1,0,2
BRDA:9,2,0,1
BRF:3
BRH:3
end_of_record
